<?xml version="1.0" encoding="UTF-8"?>
<testng-results ignored="0" total="1" passed="1" failed="0" skipped="0">
  <reporter-output>
  </reporter-output>
  <suite started-at="2026-06-24T11:07:13 IST" name="Default suite" finished-at="2026-06-24T11:07:42 IST" duration-ms="29355">
    <groups>
    </groups>
    <test started-at="2026-06-24T11:07:13 IST" name="Default test" finished-at="2026-06-24T11:07:42 IST" duration-ms="29355">
      <class name="crm.contact.CreatreContactTest">
        <test-method signature="createContactWithOrgTest()[pri:0, instance:crm.contact.CreatreContactTest@43bc63a3]" started-at="2026-06-24T11:07:13 IST" name="createContactWithOrgTest" finished-at="2026-06-24T11:07:42 IST" duration-ms="29304" status="PASS">
          <reporter-output>
          </reporter-output>
        </test-method> <!-- createContactWithOrgTest -->
      </class> <!-- crm.contact.CreatreContactTest -->
    </test> <!-- Default test -->
  </suite> <!-- Default suite -->
</testng-results>
