<?xml version="1.0" encoding="UTF-8"?>
<testng-results ignored="2" total="3" passed="0" failed="1" skipped="0">
  <reporter-output>
  </reporter-output>
  <suite started-at="2026-06-11T12:56:50 IST" name="Default suite" finished-at="2026-06-11T12:57:26 IST" duration-ms="36622">
    <groups>
    </groups>
    <test started-at="2026-06-11T12:56:50 IST" name="Default test" finished-at="2026-06-11T12:57:26 IST" duration-ms="36622">
      <class name="extra_listeners.DemoTest">
        <test-method is-config="true" signature="repConfig()[pri:0, instance:extra_listeners.DemoTest@5e5d171f]" started-at="2026-06-11T12:56:50 IST" name="repConfig" finished-at="2026-06-11T12:56:50 IST" duration-ms="14" status="PASS">
          <reporter-output>
          </reporter-output>
        </test-method> <!-- repConfig -->
        <test-method is-config="true" signature="setUp()[pri:0, instance:extra_listeners.DemoTest@5e5d171f]" started-at="2026-06-11T12:56:50 IST" name="setUp" finished-at="2026-06-11T12:56:53 IST" duration-ms="3037" status="PASS">
          <reporter-output>
          </reporter-output>
        </test-method> <!-- setUp -->
        <test-method is-config="true" signature="login()[pri:0, instance:extra_listeners.DemoTest@5e5d171f]" started-at="2026-06-11T12:56:53 IST" name="login" finished-at="2026-06-11T12:57:14 IST" duration-ms="20921" status="PASS">
          <reporter-output>
          </reporter-output>
        </test-method> <!-- login -->
        <test-method signature="modifyCity()[pri:0, instance:extra_listeners.DemoTest@5e5d171f]" started-at="2026-06-11T12:57:14 IST" name="modifyCity" finished-at="2026-06-11T12:57:14 IST" duration-ms="44" status="FAIL">
          <exception class="java.lang.AssertionError">
            <full-stacktrace>
              <![CDATA[java.lang.AssertionError
at org.junit.Assert.fail(Assert.java:92)
at org.junit.Assert.assertTrue(Assert.java:43)
at org.junit.Assert.assertTrue(Assert.java:54)
at extra_listeners.DemoTest.modifyCity(DemoTest.java:42)
at java.base/jdk.internal.reflect.DirectMethodHandleAccessor.invoke(DirectMethodHandleAccessor.java:103)
at java.base/java.lang.reflect.Method.invoke(Method.java:580)
at org.testng.internal.invokers.MethodInvocationHelper.invokeMethod(MethodInvocationHelper.java:141)
at org.testng.internal.invokers.TestInvoker.invokeMethod(TestInvoker.java:697)
at org.testng.internal.invokers.TestInvoker.invokeTestMethod(TestInvoker.java:230)
at org.testng.internal.invokers.MethodRunner.runInSequence(MethodRunner.java:63)
at org.testng.internal.invokers.TestInvoker$MethodInvocationAgent.invoke(TestInvoker.java:1005)
at org.testng.internal.invokers.TestInvoker.invokeTestMethods(TestInvoker.java:203)
at org.testng.internal.invokers.TestMethodWorker.invokeTestMethods(TestMethodWorker.java:154)
at org.testng.internal.invokers.TestMethodWorker.run(TestMethodWorker.java:134)
at java.base/java.util.ArrayList.forEach(ArrayList.java:1597)
at org.testng.TestRunner.privateRun(TestRunner.java:744)
at org.testng.TestRunner.run(TestRunner.java:616)
at org.testng.SuiteRunner.runTest(SuiteRunner.java:421)
at org.testng.SuiteRunner.runSequentially(SuiteRunner.java:413)
at org.testng.SuiteRunner.privateRun(SuiteRunner.java:373)
at org.testng.SuiteRunner.run(SuiteRunner.java:312)
at org.testng.SuiteRunnerWorker.runSuite(SuiteRunnerWorker.java:52)
at org.testng.SuiteRunnerWorker.run(SuiteRunnerWorker.java:95)
at org.testng.TestNG.runSuitesSequentially(TestNG.java:1274)
at org.testng.TestNG.runSuitesLocally(TestNG.java:1208)
at org.testng.TestNG.runSuites(TestNG.java:1112)
at org.testng.TestNG.run(TestNG.java:1079)
at org.testng.remote.AbstractRemoteTestNG.run(AbstractRemoteTestNG.java:115)
at org.testng.remote.RemoteTestNG.initAndRun(RemoteTestNG.java:293)
at org.testng.remote.RemoteTestNG.main(RemoteTestNG.java:91)
]]>
            </full-stacktrace>
          </exception> <!-- java.lang.AssertionError -->
          <reporter-output>
          </reporter-output>
        </test-method> <!-- modifyCity -->
        <test-method is-config="true" signature="logout()[pri:0, instance:extra_listeners.DemoTest@5e5d171f]" started-at="2026-06-11T12:57:14 IST" name="logout" finished-at="2026-06-11T12:57:26 IST" duration-ms="12088" status="PASS">
          <reporter-output>
          </reporter-output>
        </test-method> <!-- logout -->
        <test-method is-config="true" signature="tearDown()[pri:0, instance:extra_listeners.DemoTest@5e5d171f]" started-at="2026-06-11T12:57:26 IST" name="tearDown" finished-at="2026-06-11T12:57:26 IST" duration-ms="303" status="PASS">
          <reporter-output>
          </reporter-output>
        </test-method> <!-- tearDown -->
        <test-method is-config="true" signature="repBackup()[pri:0, instance:extra_listeners.DemoTest@5e5d171f]" started-at="2026-06-11T12:57:26 IST" name="repBackup" finished-at="2026-06-11T12:57:26 IST" duration-ms="1" status="PASS">
          <reporter-output>
          </reporter-output>
        </test-method> <!-- repBackup -->
      </class> <!-- extra_listeners.DemoTest -->
    </test> <!-- Default test -->
  </suite> <!-- Default suite -->
</testng-results>
