<?xml version="1.0" encoding="UTF-8"?>
<!-- Generated by org.testng.reporters.JUnitReportReporter -->
<testsuite hostname="TYSS-Piyush-Baldaniya" failures="0" tests="5" name="testng_extra.learning_dataprovider.TestDataprovider" time="0.029" errors="0" timestamp="2026-06-09T10:04:57 IST" skipped="0">
  <testcase classname="testng_extra.learning_dataprovider.TestDataprovider" name="dummyLogin" time="0.001"/>
  <testcase classname="testng_extra.learning_dataprovider.TestDataprovider" name="dummyLogin" time="0.003"/>
  <testcase classname="testng_extra.learning_dataprovider.TestDataprovider" name="dummyLogin" time="0.003"/>
  <testcase classname="testng_extra.learning_dataprovider.TestDataprovider" name="dummyLogin" time="0.019"/>
  <testcase classname="testng_extra.learning_dataprovider.TestDataprovider" name="dummyLogin" time="0.003"/>
</testsuite> <!-- testng_extra.learning_dataprovider.TestDataprovider -->
